Arguments: 
  /home/hannan/.nvm/versions/node/v7.4.0/bin/node /home/hannan/.nvm/versions/node/v7.4.0/bin/yarn install --pure-lockfile

PATH: 
  /home/hannan/Programming/jest/node_modules/.bin:/home/hannan/.config/yarn/link/node_modules/.bin:/home/hannan/Programming/jest/node_modules/.bin:/home/hannan/.config/yarn/link/node_modules/.bin:/home/hannan/.nvm/versions/node/v7.4.0/lib/node_modules/yarn/bin/node-gyp-bin:/home/hannan/Programming/jest/node_modules/.bin:/home/hannan/.config/yarn/link/node_modules/.bin:/home/hannan/Programming/jest/node_modules/.bin:/home/hannan/.config/yarn/link/node_modules/.bin:/home/hannan/.nvm/versions/node/v7.4.0/lib/node_modules/yarn/bin/node-gyp-bin:/home/hannan/.gvm/bin:/home/hannan/.nvm/versions/node/v7.4.0/bin:/home/hannan/bin:/home/hannan/.local/bin:/home/hannan/.gvm/bin:/home/hannan/bin:/home/hannan/.local/bin:/usr/local/sbin:/usr/local/bin:/usr/sbin:/usr/bin:/sbin:/bin:/usr/games:/usr/local/games:/snap/bin:/home/hannan/.rvm/bin:/snap/bin:/home/hannan/.rvm/bin:/home/hannan/.rvm/bin:/home/hannan/.rvm/bin

Yarn version: 
  0.20.3

Node version: 
  7.4.0

Platform: 
  linux x64

npm manifest: 
  {
    "devDependencies": {
      "babel-jest": "*",
      "babel-plugin-transform-async-to-generator": "^6.5.0",
      "babel-preset-es2015": "*",
      "jest": "*",
      "regenerator-runtime": "*"
    },
    "scripts": {
      "test": "jest"
    }
  }

yarn manifest: 
  No manifest

Lockfile: 
  No lockfile

Trace: 
  Error: read ECONNRESET
      at exports._errnoException (util.js:1022:11)
      at TLSWrap.onread (net.js:572:26)
